<?xml version="1.0" encoding="UTF-8"?>
<!-- Generated by org.testng.reporters.JUnitReportReporter -->
<testsuite skipped="0" hostname="DESKTOP-5NIOMS0" name="com.POMDemo4.qa.testcases.BookStoreLoginTest" tests="1" failures="0" timestamp="07 Feb 2021 14:47:15 GMT" time="7.849" errors="0">
  <testcase name="loginTest" time="7.849" classname="com.POMDemo4.qa.testcases.BookStoreLoginTest"/>
</testsuite> <!-- com.POMDemo4.qa.testcases.BookStoreLoginTest -->
