<?xml version="1.0" encoding="UTF-8"?>
<!-- Generated by org.testng.reporters.JUnitReportReporter -->
<testsuite skipped="0" hostname="DESKTOP-5NIOMS0" name="com.POMDemo4.qa.testcases.SBookStoreLoginTest" tests="1" failures="0" timestamp="07 Feb 2021 18:02:02 GMT" time="17.959" errors="0">
  <testcase name="loginTest" time="17.959" classname="com.POMDemo4.qa.testcases.SBookStoreLoginTest"/>
</testsuite> <!-- com.POMDemo4.qa.testcases.SBookStoreLoginTest -->
