<?xml version="1.0" encoding="UTF-8"?>
<!-- Generated by org.testng.reporters.JUnitReportReporter -->
<testsuite skipped="0" hostname="DESKTOP-5NIOMS0" name="com.POMDemo4.qa.testcases.HomePageTest" tests="1" failures="0" timestamp="03 Feb 2021 19:31:06 GMT" time="25.832" errors="0">
  <testcase name="validatePageImgTest" time="25.832" classname="com.POMDemo4.qa.testcases.HomePageTest"/>
</testsuite> <!-- com.POMDemo4.qa.testcases.HomePageTest -->
